#
# There is insufficient memory for the Java Runtime Environment to continue.
# Native memory allocation (malloc) failed to allocate 227216 bytes for Chunk::new
# Possible reasons:
#   The system is out of physical RAM or swap space
#   The process is running with CompressedOops enabled, and the Java Heap may be blocking the growth of the native heap
# Possible solutions:
#   Reduce memory load on the system
#   Increase physical memory or swap space
#   Check if swap backing store is full
#   Decrease Java heap size (-Xmx/-Xms)
#   Decrease number of Java threads
#   Decrease Java thread stack sizes (-Xss)
#   Set larger code cache with -XX:ReservedCodeCacheSize=
#   JVM is running with Zero Based Compressed Oops mode in which the Java heap is
#     placed in the first 32GB address space. The Java Heap base address is the
#     maximum limit for the native heap growth. Please use -XX:HeapBaseMinAddress
#     to set the Java Heap base and to place the Java Heap above 32GB virtual address.
# This output file may be truncated or incomplete.
#
#  Out of Memory Error (arena.cpp:168), pid=22236, tid=5156
#
# JRE version: Java(TM) SE Runtime Environment (21.0.4+8) (build 21.0.4+8-LTS-274)
# Java VM: Java HotSpot(TM) 64-Bit Server VM (21.0.4+8-LTS-274, mixed mode, tiered, compressed oops, compressed class ptrs, g1 gc, windows-amd64)
# No core dump will be written. Minidumps are not enabled by default on client versions of Windows
#

---------------  S U M M A R Y ------------

Command Line: -Dfile.encoding=UTF-8 --module-path=C:\Users\yedel\Desktop\Practica_Programada_2\build\classes Ejercicio_3.Main

Host: Intel(R) Core(TM) i3-1005G1 CPU @ 1.20GHz, 4 cores, 11G,  Windows 11 , 64 bit Build 26100 (10.0.26100.7019)
Time: Fri Nov 21 21:42:47 2025 Hora estándar, América Central elapsed time: 0.545349 seconds (0d 0h 0m 0s)

---------------  T H R E A D  ---------------

Current thread (0x0000022f041c6ed0):  JavaThread "C2 CompilerThread0" daemon [_thread_in_native, id=5156, stack(0x000000d91da00000,0x000000d91db00000) (1024K)]


Current CompileTask:
C2:    545  567       4       java.util.HashMap::resize (356 bytes)

Stack: [0x000000d91da00000,0x000000d91db00000]
Native frames: (J=compiled Java code, j=interpreted, Vv=VM code, C=native code)
V  [jvm.dll+0x6c8e59]
V  [jvm.dll+0x853181]
V  [jvm.dll+0x8556ae]
V  [jvm.dll+0x855d83]
V  [jvm.dll+0x27d526]
V  [jvm.dll+0xc4aad]
V  [jvm.dll+0xc4fe3]
V  [jvm.dll+0x3b3fd2]
V  [jvm.dll+0x3809a5]
V  [jvm.dll+0x37fe1a]
V  [jvm.dll+0x246280]
V  [jvm.dll+0x24585f]
V  [jvm.dll+0x1c69de]
V  [jvm.dll+0x254d49]
V  [jvm.dll+0x2532da]
V  [jvm.dll+0x3ed426]
V  [jvm.dll+0x7fd65b]
V  [jvm.dll+0x6c753d]
C  [ucrtbase.dll+0x37b0]
C  [KERNEL32.DLL+0x2e8d7]
C  [ntdll.dll+0x8c53c]


---------------  P R O C E S S  ---------------

Threads class SMR info:
_java_thread_list=0x0000022f04714c20, length=15, elements={
0x0000022f48d48e90, 0x0000022f0418c5b0, 0x0000022f67ecbec0, 0x0000022f04182d90,
0x0000022f041837f0, 0x0000022f04176230, 0x0000022f04176c90, 0x0000022f041c6ed0,
0x0000022f041d3ec0, 0x0000022f04317cb0, 0x0000022f044deb30, 0x0000022f046b5780,
0x0000022f046b5df0, 0x0000022f046b6460, 0x0000022f04741c30
}

Java Threads: ( => current thread )
  0x0000022f48d48e90 JavaThread "main"                              [_thread_in_vm, id=6232, stack(0x000000d91cc00000,0x000000d91cd00000) (1024K)]
  0x0000022f0418c5b0 JavaThread "Reference Handler"          daemon [_thread_blocked, id=9328, stack(0x000000d91d400000,0x000000d91d500000) (1024K)]
  0x0000022f67ecbec0 JavaThread "Finalizer"                  daemon [_thread_blocked, id=25372, stack(0x000000d91d500000,0x000000d91d600000) (1024K)]
  0x0000022f04182d90 JavaThread "Signal Dispatcher"          daemon [_thread_blocked, id=11708, stack(0x000000d91d600000,0x000000d91d700000) (1024K)]
  0x0000022f041837f0 JavaThread "Attach Listener"            daemon [_thread_blocked, id=29328, stack(0x000000d91d700000,0x000000d91d800000) (1024K)]
  0x0000022f04176230 JavaThread "Service Thread"             daemon [_thread_blocked, id=26640, stack(0x000000d91d800000,0x000000d91d900000) (1024K)]
  0x0000022f04176c90 JavaThread "Monitor Deflation Thread"   daemon [_thread_blocked, id=10360, stack(0x000000d91d900000,0x000000d91da00000) (1024K)]
=>0x0000022f041c6ed0 JavaThread "C2 CompilerThread0"         daemon [_thread_in_native, id=5156, stack(0x000000d91da00000,0x000000d91db00000) (1024K)]
  0x0000022f041d3ec0 JavaThread "C1 CompilerThread0"         daemon [_thread_blocked, id=29448, stack(0x000000d91db00000,0x000000d91dc00000) (1024K)]
  0x0000022f04317cb0 JavaThread "Common-Cleaner"             daemon [_thread_blocked, id=13752, stack(0x000000d91dc00000,0x000000d91dd00000) (1024K)]
  0x0000022f044deb30 JavaThread "Notification Thread"        daemon [_thread_blocked, id=12564, stack(0x000000d91dd00000,0x000000d91de00000) (1024K)]
  0x0000022f046b5780 JavaThread "Java2D Disposer"            daemon [_thread_blocked, id=8052, stack(0x000000d91de00000,0x000000d91df00000) (1024K)]
  0x0000022f046b5df0 JavaThread "AWT-Shutdown"                      [_thread_blocked, id=25400, stack(0x000000d91df00000,0x000000d91e000000) (1024K)]
  0x0000022f046b6460 JavaThread "AWT-Windows"                daemon [_thread_in_native, id=8196, stack(0x000000d91e000000,0x000000d91e100000) (1024K)]
  0x0000022f04741c30 JavaThread "Image Fetcher 0"            daemon [_thread_blocked, id=7804, stack(0x000000d91e100000,0x000000d91e200000) (1024K)]
Total: 15

Other Threads:
  0x0000022f67e8d4d0 VMThread "VM Thread"                           [id=26228, stack(0x000000d91d300000,0x000000d91d400000) (1024K)]
  0x0000022f67e0a990 WatcherThread "VM Periodic Task Thread"        [id=28292, stack(0x000000d91d200000,0x000000d91d300000) (1024K)]
  0x0000022f48d93430 WorkerThread "GC Thread#0"                     [id=23132, stack(0x000000d91cd00000,0x000000d91ce00000) (1024K)]
  0x0000022f48da0010 ConcurrentGCThread "G1 Main Marker"            [id=8264, stack(0x000000d91ce00000,0x000000d91cf00000) (1024K)]
  0x0000022f48da0b10 WorkerThread "G1 Conc#0"                       [id=14640, stack(0x000000d91cf00000,0x000000d91d000000) (1024K)]
  0x0000022f48e09370 ConcurrentGCThread "G1 Refine#0"               [id=15712, stack(0x000000d91d000000,0x000000d91d100000) (1024K)]
  0x0000022f67ce10a0 ConcurrentGCThread "G1 Service"                [id=29524, stack(0x000000d91d100000,0x000000d91d200000) (1024K)]
Total: 7

Threads with active compile tasks:
C2 CompilerThread0      578  567       4       java.util.HashMap::resize (356 bytes)
Total: 1

VM state: not at safepoint (normal execution)

VM Mutex/Monitor currently owned by a thread:  ([mutex/lock_event])
[0x00007ff89ce65e18] Metaspace_lock - owner thread: 0x0000022f48d48e90
[0x00007ff89ce66b98] MultiArray_lock - owner thread: 0x0000022f48d48e90

Heap address: 0x0000000744000000, size: 3008 MB, Compressed Oops mode: Zero based, Oop shift amount: 3

CDS archive(s) not mapped
Compressed class space mapped at: 0x0000000800000000-0x0000000840000000, reserved size: 1073741824
Narrow klass base: 0x0000000800000000, Narrow klass shift: 0, Narrow klass range: 0x40000000

GC Precious Log:
 CardTable entry size: 512
 Card Set container configuration: InlinePtr #cards 4 size 8 Array Of Cards #cards 16 size 48 Howl #buckets 8 coarsen threshold 3686 Howl Bitmap #cards 512 size 80 coarsen threshold 460 Card regions per heap region 1 cards per card region 4096
 CPUs: 4 total, 4 available
 Memory: 12030M
 Large Page Support: Disabled
 NUMA Support: Disabled
 Compressed Oops: Enabled (Zero based)
 Heap Region Size: 2M
 Heap Min Capacity: 8M
 Heap Initial Capacity: 188M
 Heap Max Capacity: 3008M
 Pre-touch: Disabled
 Parallel Workers: 4
 Concurrent Workers: 1
 Concurrent Refinement Workers: 4
 Periodic GC: Disabled

Heap:
 garbage-first heap   total 192512K, used 4096K [0x0000000744000000, 0x0000000800000000)
  region size 2048K, 3 young (6144K), 0 survivors (0K)
 Metaspace       used 12769K, committed 12992K, reserved 1114112K
  class space    used 1189K, committed 1280K, reserved 1048576K

Heap Regions: E=young(eden), S=young(survivor), O=old, HS=humongous(starts), HC=humongous(continues), CS=collection set, F=free, TAMS=top-at-mark-start, PB=parsable bottom
|   0|0x0000000744000000, 0x0000000744000000, 0x0000000744200000|  0%| F|  |TAMS 0x0000000744000000| PB 0x0000000744000000| Untracked 
|   1|0x0000000744200000, 0x0000000744200000, 0x0000000744400000|  0%| F|  |TAMS 0x0000000744200000| PB 0x0000000744200000| Untracked 
|   2|0x0000000744400000, 0x0000000744400000, 0x0000000744600000|  0%| F|  |TAMS 0x0000000744400000| PB 0x0000000744400000| Untracked 
|   3|0x0000000744600000, 0x0000000744600000, 0x0000000744800000|  0%| F|  |TAMS 0x0000000744600000| PB 0x0000000744600000| Untracked 
|   4|0x0000000744800000, 0x0000000744800000, 0x0000000744a00000|  0%| F|  |TAMS 0x0000000744800000| PB 0x0000000744800000| Untracked 
|   5|0x0000000744a00000, 0x0000000744a00000, 0x0000000744c00000|  0%| F|  |TAMS 0x0000000744a00000| PB 0x0000000744a00000| Untracked 
|   6|0x0000000744c00000, 0x0000000744c00000, 0x0000000744e00000|  0%| F|  |TAMS 0x0000000744c00000| PB 0x0000000744c00000| Untracked 
|   7|0x0000000744e00000, 0x0000000744e00000, 0x0000000745000000|  0%| F|  |TAMS 0x0000000744e00000| PB 0x0000000744e00000| Untracked 
|   8|0x0000000745000000, 0x0000000745000000, 0x0000000745200000|  0%| F|  |TAMS 0x0000000745000000| PB 0x0000000745000000| Untracked 
|   9|0x0000000745200000, 0x0000000745200000, 0x0000000745400000|  0%| F|  |TAMS 0x0000000745200000| PB 0x0000000745200000| Untracked 
|  10|0x0000000745400000, 0x0000000745400000, 0x0000000745600000|  0%| F|  |TAMS 0x0000000745400000| PB 0x0000000745400000| Untracked 
|  11|0x0000000745600000, 0x0000000745600000, 0x0000000745800000|  0%| F|  |TAMS 0x0000000745600000| PB 0x0000000745600000| Untracked 
|  12|0x0000000745800000, 0x0000000745800000, 0x0000000745a00000|  0%| F|  |TAMS 0x0000000745800000| PB 0x0000000745800000| Untracked 
|  13|0x0000000745a00000, 0x0000000745a00000, 0x0000000745c00000|  0%| F|  |TAMS 0x0000000745a00000| PB 0x0000000745a00000| Untracked 
|  14|0x0000000745c00000, 0x0000000745c00000, 0x0000000745e00000|  0%| F|  |TAMS 0x0000000745c00000| PB 0x0000000745c00000| Untracked 
|  15|0x0000000745e00000, 0x0000000745e00000, 0x0000000746000000|  0%| F|  |TAMS 0x0000000745e00000| PB 0x0000000745e00000| Untracked 
|  16|0x0000000746000000, 0x0000000746000000, 0x0000000746200000|  0%| F|  |TAMS 0x0000000746000000| PB 0x0000000746000000| Untracked 
|  17|0x0000000746200000, 0x0000000746200000, 0x0000000746400000|  0%| F|  |TAMS 0x0000000746200000| PB 0x0000000746200000| Untracked 
|  18|0x0000000746400000, 0x0000000746400000, 0x0000000746600000|  0%| F|  |TAMS 0x0000000746400000| PB 0x0000000746400000| Untracked 
|  19|0x0000000746600000, 0x0000000746600000, 0x0000000746800000|  0%| F|  |TAMS 0x0000000746600000| PB 0x0000000746600000| Untracked 
|  20|0x0000000746800000, 0x0000000746800000, 0x0000000746a00000|  0%| F|  |TAMS 0x0000000746800000| PB 0x0000000746800000| Untracked 
|  21|0x0000000746a00000, 0x0000000746a00000, 0x0000000746c00000|  0%| F|  |TAMS 0x0000000746a00000| PB 0x0000000746a00000| Untracked 
|  22|0x0000000746c00000, 0x0000000746c00000, 0x0000000746e00000|  0%| F|  |TAMS 0x0000000746c00000| PB 0x0000000746c00000| Untracked 
|  23|0x0000000746e00000, 0x0000000746e00000, 0x0000000747000000|  0%| F|  |TAMS 0x0000000746e00000| PB 0x0000000746e00000| Untracked 
|  24|0x0000000747000000, 0x0000000747000000, 0x0000000747200000|  0%| F|  |TAMS 0x0000000747000000| PB 0x0000000747000000| Untracked 
|  25|0x0000000747200000, 0x0000000747200000, 0x0000000747400000|  0%| F|  |TAMS 0x0000000747200000| PB 0x0000000747200000| Untracked 
|  26|0x0000000747400000, 0x0000000747400000, 0x0000000747600000|  0%| F|  |TAMS 0x0000000747400000| PB 0x0000000747400000| Untracked 
|  27|0x0000000747600000, 0x0000000747600000, 0x0000000747800000|  0%| F|  |TAMS 0x0000000747600000| PB 0x0000000747600000| Untracked 
|  28|0x0000000747800000, 0x0000000747800000, 0x0000000747a00000|  0%| F|  |TAMS 0x0000000747800000| PB 0x0000000747800000| Untracked 
|  29|0x0000000747a00000, 0x0000000747a00000, 0x0000000747c00000|  0%| F|  |TAMS 0x0000000747a00000| PB 0x0000000747a00000| Untracked 
|  30|0x0000000747c00000, 0x0000000747c00000, 0x0000000747e00000|  0%| F|  |TAMS 0x0000000747c00000| PB 0x0000000747c00000| Untracked 
|  31|0x0000000747e00000, 0x0000000747e00000, 0x0000000748000000|  0%| F|  |TAMS 0x0000000747e00000| PB 0x0000000747e00000| Untracked 
|  32|0x0000000748000000, 0x0000000748000000, 0x0000000748200000|  0%| F|  |TAMS 0x0000000748000000| PB 0x0000000748000000| Untracked 
|  33|0x0000000748200000, 0x0000000748200000, 0x0000000748400000|  0%| F|  |TAMS 0x0000000748200000| PB 0x0000000748200000| Untracked 
|  34|0x0000000748400000, 0x0000000748400000, 0x0000000748600000|  0%| F|  |TAMS 0x0000000748400000| PB 0x0000000748400000| Untracked 
|  35|0x0000000748600000, 0x0000000748600000, 0x0000000748800000|  0%| F|  |TAMS 0x0000000748600000| PB 0x0000000748600000| Untracked 
|  36|0x0000000748800000, 0x0000000748800000, 0x0000000748a00000|  0%| F|  |TAMS 0x0000000748800000| PB 0x0000000748800000| Untracked 
|  37|0x0000000748a00000, 0x0000000748a00000, 0x0000000748c00000|  0%| F|  |TAMS 0x0000000748a00000| PB 0x0000000748a00000| Untracked 
|  38|0x0000000748c00000, 0x0000000748c00000, 0x0000000748e00000|  0%| F|  |TAMS 0x0000000748c00000| PB 0x0000000748c00000| Untracked 
|  39|0x0000000748e00000, 0x0000000748e00000, 0x0000000749000000|  0%| F|  |TAMS 0x0000000748e00000| PB 0x0000000748e00000| Untracked 
|  40|0x0000000749000000, 0x0000000749000000, 0x0000000749200000|  0%| F|  |TAMS 0x0000000749000000| PB 0x0000000749000000| Untracked 
|  41|0x0000000749200000, 0x0000000749200000, 0x0000000749400000|  0%| F|  |TAMS 0x0000000749200000| PB 0x0000000749200000| Untracked 
|  42|0x0000000749400000, 0x0000000749400000, 0x0000000749600000|  0%| F|  |TAMS 0x0000000749400000| PB 0x0000000749400000| Untracked 
|  43|0x0000000749600000, 0x0000000749600000, 0x0000000749800000|  0%| F|  |TAMS 0x0000000749600000| PB 0x0000000749600000| Untracked 
|  44|0x0000000749800000, 0x0000000749800000, 0x0000000749a00000|  0%| F|  |TAMS 0x0000000749800000| PB 0x0000000749800000| Untracked 
|  45|0x0000000749a00000, 0x0000000749a00000, 0x0000000749c00000|  0%| F|  |TAMS 0x0000000749a00000| PB 0x0000000749a00000| Untracked 
|  46|0x0000000749c00000, 0x0000000749c00000, 0x0000000749e00000|  0%| F|  |TAMS 0x0000000749c00000| PB 0x0000000749c00000| Untracked 
|  47|0x0000000749e00000, 0x0000000749e00000, 0x000000074a000000|  0%| F|  |TAMS 0x0000000749e00000| PB 0x0000000749e00000| Untracked 
|  48|0x000000074a000000, 0x000000074a000000, 0x000000074a200000|  0%| F|  |TAMS 0x000000074a000000| PB 0x000000074a000000| Untracked 
|  49|0x000000074a200000, 0x000000074a200000, 0x000000074a400000|  0%| F|  |TAMS 0x000000074a200000| PB 0x000000074a200000| Untracked 
|  50|0x000000074a400000, 0x000000074a400000, 0x000000074a600000|  0%| F|  |TAMS 0x000000074a400000| PB 0x000000074a400000| Untracked 
|  51|0x000000074a600000, 0x000000074a600000, 0x000000074a800000|  0%| F|  |TAMS 0x000000074a600000| PB 0x000000074a600000| Untracked 
|  52|0x000000074a800000, 0x000000074a800000, 0x000000074aa00000|  0%| F|  |TAMS 0x000000074a800000| PB 0x000000074a800000| Untracked 
|  53|0x000000074aa00000, 0x000000074aa00000, 0x000000074ac00000|  0%| F|  |TAMS 0x000000074aa00000| PB 0x000000074aa00000| Untracked 
|  54|0x000000074ac00000, 0x000000074ac00000, 0x000000074ae00000|  0%| F|  |TAMS 0x000000074ac00000| PB 0x000000074ac00000| Untracked 
|  55|0x000000074ae00000, 0x000000074ae00000, 0x000000074b000000|  0%| F|  |TAMS 0x000000074ae00000| PB 0x000000074ae00000| Untracked 
|  56|0x000000074b000000, 0x000000074b000000, 0x000000074b200000|  0%| F|  |TAMS 0x000000074b000000| PB 0x000000074b000000| Untracked 
|  57|0x000000074b200000, 0x000000074b200000, 0x000000074b400000|  0%| F|  |TAMS 0x000000074b200000| PB 0x000000074b200000| Untracked 
|  58|0x000000074b400000, 0x000000074b400000, 0x000000074b600000|  0%| F|  |TAMS 0x000000074b400000| PB 0x000000074b400000| Untracked 
|  59|0x000000074b600000, 0x000000074b600000, 0x000000074b800000|  0%| F|  |TAMS 0x000000074b600000| PB 0x000000074b600000| Untracked 
|  60|0x000000074b800000, 0x000000074b800000, 0x000000074ba00000|  0%| F|  |TAMS 0x000000074b800000| PB 0x000000074b800000| Untracked 
|  61|0x000000074ba00000, 0x000000074ba00000, 0x000000074bc00000|  0%| F|  |TAMS 0x000000074ba00000| PB 0x000000074ba00000| Untracked 
|  62|0x000000074bc00000, 0x000000074bc00000, 0x000000074be00000|  0%| F|  |TAMS 0x000000074bc00000| PB 0x000000074bc00000| Untracked 
|  63|0x000000074be00000, 0x000000074be00000, 0x000000074c000000|  0%| F|  |TAMS 0x000000074be00000| PB 0x000000074be00000| Untracked 
|  64|0x000000074c000000, 0x000000074c000000, 0x000000074c200000|  0%| F|  |TAMS 0x000000074c000000| PB 0x000000074c000000| Untracked 
|  65|0x000000074c200000, 0x000000074c200000, 0x000000074c400000|  0%| F|  |TAMS 0x000000074c200000| PB 0x000000074c200000| Untracked 
|  66|0x000000074c400000, 0x000000074c400000, 0x000000074c600000|  0%| F|  |TAMS 0x000000074c400000| PB 0x000000074c400000| Untracked 
|  67|0x000000074c600000, 0x000000074c600000, 0x000000074c800000|  0%| F|  |TAMS 0x000000074c600000| PB 0x000000074c600000| Untracked 
|  68|0x000000074c800000, 0x000000074c800000, 0x000000074ca00000|  0%| F|  |TAMS 0x000000074c800000| PB 0x000000074c800000| Untracked 
|  69|0x000000074ca00000, 0x000000074ca00000, 0x000000074cc00000|  0%| F|  |TAMS 0x000000074ca00000| PB 0x000000074ca00000| Untracked 
|  70|0x000000074cc00000, 0x000000074cc00000, 0x000000074ce00000|  0%| F|  |TAMS 0x000000074cc00000| PB 0x000000074cc00000| Untracked 
|  71|0x000000074ce00000, 0x000000074ce00000, 0x000000074d000000|  0%| F|  |TAMS 0x000000074ce00000| PB 0x000000074ce00000| Untracked 
|  72|0x000000074d000000, 0x000000074d000000, 0x000000074d200000|  0%| F|  |TAMS 0x000000074d000000| PB 0x000000074d000000| Untracked 
|  73|0x000000074d200000, 0x000000074d200000, 0x000000074d400000|  0%| F|  |TAMS 0x000000074d200000| PB 0x000000074d200000| Untracked 
|  74|0x000000074d400000, 0x000000074d400000, 0x000000074d600000|  0%| F|  |TAMS 0x000000074d400000| PB 0x000000074d400000| Untracked 
|  75|0x000000074d600000, 0x000000074d600000, 0x000000074d800000|  0%| F|  |TAMS 0x000000074d600000| PB 0x000000074d600000| Untracked 
|  76|0x000000074d800000, 0x000000074d800000, 0x000000074da00000|  0%| F|  |TAMS 0x000000074d800000| PB 0x000000074d800000| Untracked 
|  77|0x000000074da00000, 0x000000074da00000, 0x000000074dc00000|  0%| F|  |TAMS 0x000000074da00000| PB 0x000000074da00000| Untracked 
|  78|0x000000074dc00000, 0x000000074dc00000, 0x000000074de00000|  0%| F|  |TAMS 0x000000074dc00000| PB 0x000000074dc00000| Untracked 
|  79|0x000000074de00000, 0x000000074de00000, 0x000000074e000000|  0%| F|  |TAMS 0x000000074de00000| PB 0x000000074de00000| Untracked 
|  80|0x000000074e000000, 0x000000074e000000, 0x000000074e200000|  0%| F|  |TAMS 0x000000074e000000| PB 0x000000074e000000| Untracked 
|  81|0x000000074e200000, 0x000000074e200000, 0x000000074e400000|  0%| F|  |TAMS 0x000000074e200000| PB 0x000000074e200000| Untracked 
|  82|0x000000074e400000, 0x000000074e400000, 0x000000074e600000|  0%| F|  |TAMS 0x000000074e400000| PB 0x000000074e400000| Untracked 
|  83|0x000000074e600000, 0x000000074e600000, 0x000000074e800000|  0%| F|  |TAMS 0x000000074e600000| PB 0x000000074e600000| Untracked 
|  84|0x000000074e800000, 0x000000074e800000, 0x000000074ea00000|  0%| F|  |TAMS 0x000000074e800000| PB 0x000000074e800000| Untracked 
|  85|0x000000074ea00000, 0x000000074ea00000, 0x000000074ec00000|  0%| F|  |TAMS 0x000000074ea00000| PB 0x000000074ea00000| Untracked 
|  86|0x000000074ec00000, 0x000000074ec00000, 0x000000074ee00000|  0%| F|  |TAMS 0x000000074ec00000| PB 0x000000074ec00000| Untracked 
|  87|0x000000074ee00000, 0x000000074ee00000, 0x000000074f000000|  0%| F|  |TAMS 0x000000074ee00000| PB 0x000000074ee00000| Untracked 
|  88|0x000000074f000000, 0x000000074f000000, 0x000000074f200000|  0%| F|  |TAMS 0x000000074f000000| PB 0x000000074f000000| Untracked 
|  89|0x000000074f200000, 0x000000074f200000, 0x000000074f400000|  0%| F|  |TAMS 0x000000074f200000| PB 0x000000074f200000| Untracked 
|  90|0x000000074f400000, 0x000000074f400000, 0x000000074f600000|  0%| F|  |TAMS 0x000000074f400000| PB 0x000000074f400000| Untracked 
|  91|0x000000074f600000, 0x000000074f7af0f8, 0x000000074f800000| 84%| E|  |TAMS 0x000000074f600000| PB 0x000000074f600000| Complete 
|  92|0x000000074f800000, 0x000000074fa00000, 0x000000074fa00000|100%| E|CS|TAMS 0x000000074f800000| PB 0x000000074f800000| Complete 
|  93|0x000000074fa00000, 0x000000074fc00000, 0x000000074fc00000|100%| E|CS|TAMS 0x000000074fa00000| PB 0x000000074fa00000| Complete 

Card table byte_map: [0x0000022f623b0000,0x0000022f62990000] _byte_map_base: 0x0000022f5e990000

Marking Bits: (CMBitMap*) 0x0000022f48d93b30
 Bits: [0x0000022f62990000, 0x0000022f65890000)

Polling page: 0x0000022f48a90000

Metaspace:

Usage:
  Non-class:     11.31 MB used.
      Class:      1.16 MB used.
       Both:     12.47 MB used.

Virtual space:
  Non-class space:       64.00 MB reserved,      11.44 MB ( 18%) committed,  1 nodes.
      Class space:        1.00 GB reserved,       1.25 MB ( <1%) committed,  1 nodes.
             Both:        1.06 GB reserved,      12.69 MB (  1%) committed. 

Chunk freelists:
   Non-Class:  4.49 MB
       Class:  14.75 MB
        Both:  19.24 MB

MaxMetaspaceSize: unlimited
CompressedClassSpaceSize: 1.00 GB
Initial GC threshold: 21.00 MB
Current GC threshold: 21.00 MB
CDS: off
 - commit_granule_bytes: 65536.
 - commit_granule_words: 8192.
 - virtual_space_node_default_size: 8388608.
 - enlarge_chunks_in_place: 1.
 - use_allocation_guard: 0.


Internal statistics:

num_allocs_failed_limit: 0.
num_arena_births: 122.
num_arena_deaths: 0.
num_vsnodes_births: 2.
num_vsnodes_deaths: 0.
num_space_committed: 203.
num_space_uncommitted: 0.
num_chunks_returned_to_freelist: 0.
num_chunks_taken_from_freelist: 171.
num_chunk_merges: 0.
num_chunk_splits: 98.
num_chunks_enlarged: 47.
num_inconsistent_stats: 0.

CodeHeap 'non-profiled nmethods': size=120000Kb used=175Kb max_used=175Kb free=119825Kb
 bounds [0x0000022f5a280000, 0x0000022f5a4f0000, 0x0000022f617b0000]
CodeHeap 'profiled nmethods': size=120000Kb used=824Kb max_used=824Kb free=119175Kb
 bounds [0x0000022f527b0000, 0x0000022f52a20000, 0x0000022f59ce0000]
CodeHeap 'non-nmethods': size=5760Kb used=1623Kb max_used=1623Kb free=4136Kb
 bounds [0x0000022f59ce0000, 0x0000022f59f50000, 0x0000022f5a280000]
 total_blobs=1141 nmethods=592 adapters=454
 compilation: enabled
              stopped_count=0, restarted_count=0
 full_count=0

Compilation events (20 events):
Event: 0.533 Thread 0x0000022f041d3ec0  568       3       java.lang.invoke.LambdaFormEditor$Transform::equals (32 bytes)
Event: 0.534 Thread 0x0000022f041d3ec0 nmethod 568 0x0000022f52876710 code [0x0000022f528768c0, 0x0000022f52876aa0]
Event: 0.534 Thread 0x0000022f041d3ec0  569       3       java.lang.invoke.LambdaFormEditor$TransformKey::<init> (15 bytes)
Event: 0.534 Thread 0x0000022f041d3ec0 nmethod 569 0x0000022f52876b90 code [0x0000022f52876d20, 0x0000022f52876eb8]
Event: 0.534 Thread 0x0000022f041d3ec0  571       3       java.lang.String::checkBoundsOffCount (10 bytes)
Event: 0.534 Thread 0x0000022f041d3ec0 nmethod 571 0x0000022f52876f90 code [0x0000022f52877140, 0x0000022f52877350]
Event: 0.534 Thread 0x0000022f041d3ec0  572       3       java.lang.StringConcatHelper::prepend (37 bytes)
Event: 0.535 Thread 0x0000022f041d3ec0 nmethod 572 0x0000022f52877490 code [0x0000022f52877660, 0x0000022f52877928]
Event: 0.537 Thread 0x0000022f041d3ec0  573       3       java.lang.StringConcatHelper::mix (27 bytes)
Event: 0.537 Thread 0x0000022f041d3ec0 nmethod 573 0x0000022f52877a90 code [0x0000022f52877c60, 0x0000022f52878068]
Event: 0.537 Thread 0x0000022f041d3ec0  574       3       java.lang.StringLatin1::inflate (34 bytes)
Event: 0.537 Thread 0x0000022f041d3ec0 nmethod 574 0x0000022f52878210 code [0x0000022f528783c0, 0x0000022f528785c8]
Event: 0.537 Thread 0x0000022f041d3ec0  575       3       java.io.WinNTFileSystem::normalize (143 bytes)
Event: 0.538 Thread 0x0000022f041d3ec0 nmethod 575 0x0000022f52878710 code [0x0000022f52878980, 0x0000022f52879428]
Event: 0.538 Thread 0x0000022f041d3ec0  576       3       java.lang.String::<init> (74 bytes)
Event: 0.538 Thread 0x0000022f041d3ec0 nmethod 576 0x0000022f52879810 code [0x0000022f52879a00, 0x0000022f52879e18]
Event: 0.538 Thread 0x0000022f041d3ec0  577       1       java.io.File::getPath (5 bytes)
Event: 0.538 Thread 0x0000022f041d3ec0 nmethod 577 0x0000022f5a2aa710 code [0x0000022f5a2aa8a0, 0x0000022f5a2aa970]
Event: 0.539 Thread 0x0000022f041d3ec0  578       3       jdk.internal.misc.VM::isBooted (13 bytes)
Event: 0.539 Thread 0x0000022f041d3ec0 nmethod 578 0x0000022f52879f10 code [0x0000022f5287a0a0, 0x0000022f5287a1f8]

GC Heap History (0 events):
No events

Dll operation events (9 events):
Event: 0.010 Loaded shared library C:\Program Files\Java\jdk-21\bin\java.dll
Event: 0.195 Loaded shared library C:\Program Files\Java\jdk-21\bin\jsvml.dll
Event: 0.305 Loaded shared library C:\Program Files\Java\jdk-21\bin\net.dll
Event: 0.307 Loaded shared library C:\Program Files\Java\jdk-21\bin\nio.dll
Event: 0.352 Loaded shared library C:\Program Files\Java\jdk-21\bin\jimage.dll
Event: 0.376 Loaded shared library C:\Program Files\Java\jdk-21\bin\awt.dll
Event: 0.500 Loaded shared library C:\Program Files\Java\jdk-21\bin\zip.dll
Event: 0.522 Loaded shared library C:\Program Files\Java\jdk-21\bin\freetype.dll
Event: 0.523 Loaded shared library C:\Program Files\Java\jdk-21\bin\fontmanager.dll

Deoptimization events (8 events):
Event: 0.450 Thread 0x0000022f48d48e90 Uncommon trap: trap_request=0xffffff45 fr.pc=0x0000022f5a29019c relative=0x0000000000000a5c
Event: 0.450 Thread 0x0000022f48d48e90 Uncommon trap: reason=unstable_if action=reinterpret pc=0x0000022f5a29019c method=java.util.HashMap.putVal(ILjava/lang/Object;Ljava/lang/Object;ZZ)Ljava/lang/Object; @ 236 c2
Event: 0.450 Thread 0x0000022f48d48e90 DEOPT PACKING pc=0x0000022f5a29019c sp=0x000000d91ccfdd60
Event: 0.451 Thread 0x0000022f48d48e90 DEOPT UNPACKING pc=0x0000022f59d37da2 sp=0x000000d91ccfdd18 mode 2
Event: 0.531 Thread 0x0000022f48d48e90 Uncommon trap: trap_request=0xffffff45 fr.pc=0x0000022f5a289a6c relative=0x000000000000006c
Event: 0.531 Thread 0x0000022f48d48e90 Uncommon trap: reason=unstable_if action=reinterpret pc=0x0000022f5a289a6c method=java.lang.String.isLatin1()Z @ 10 c2
Event: 0.531 Thread 0x0000022f48d48e90 DEOPT PACKING pc=0x0000022f5a289a6c sp=0x000000d91ccfe090
Event: 0.531 Thread 0x0000022f48d48e90 DEOPT UNPACKING pc=0x0000022f59d37da2 sp=0x000000d91ccfe020 mode 2

Classes loaded (20 events):
Event: 0.526 Loading class sun/awt/Win32FontManager$1
Event: 0.526 Loading class sun/awt/Win32FontManager$1 done
Event: 0.526 Loading class sun/font/CompositeFont
Event: 0.526 Loading class sun/font/CompositeFont done
Event: 0.527 Loading class sun/font/SunFontManager$2
Event: 0.527 Loading class sun/font/SunFontManager$2 done
Event: 0.528 Loading class sun/awt/windows/WFontConfiguration
Event: 0.528 Loading class sun/awt/FontConfiguration
Event: 0.528 Loading class sun/awt/FontConfiguration done
Event: 0.528 Loading class sun/awt/windows/WFontConfiguration done
Event: 0.528 Loading class sun/awt/FontDescriptor
Event: 0.528 Loading class sun/awt/FontDescriptor done
Event: 0.530 Loading class java/io/DataInputStream
Event: 0.530 Loading class java/io/DataInput
Event: 0.530 Loading class java/io/DataInput done
Event: 0.530 Loading class java/io/DataInputStream done
Event: 0.531 Loading class java/lang/Short$ShortCache
Event: 0.531 Loading class java/lang/Short$ShortCache done
Event: 0.533 Loading class sun/font/SunFontManager$FontRegistrationInfo
Event: 0.533 Loading class sun/font/SunFontManager$FontRegistrationInfo done

Classes unloaded (0 events):
No events

Classes redefined (0 events):
No events

Internal exceptions (13 events):
Event: 0.309 Thread 0x0000022f48d48e90 Exception <a 'sun/nio/fs/WindowsException'{0x000000074fbc2118}> (0x000000074fbc2118) 
thrown [s\open\src\hotspot\share\prims\jni.cpp, line 520]
Event: 0.311 Thread 0x0000022f48d48e90 Exception <a 'sun/nio/fs/WindowsException'{0x000000074fbc43f0}> (0x000000074fbc43f0) 
thrown [s\open\src\hotspot\share\prims\jni.cpp, line 520]
Event: 0.311 Thread 0x0000022f48d48e90 Exception <a 'sun/nio/fs/WindowsException'{0x000000074fbc4e40}> (0x000000074fbc4e40) 
thrown [s\open\src\hotspot\share\prims\jni.cpp, line 520]
Event: 0.364 Thread 0x0000022f48d48e90 Exception <a 'java/lang/ClassNotFoundException'{0x000000074f86a180}: sun/awt/resources/spi/awtProvider> (0x000000074f86a180) 
thrown [s\open\src\hotspot\share\classfile\systemDictionary.cpp, line 312]
Event: 0.390 Thread 0x0000022f48d48e90 Exception <a 'java/io/FileNotFoundException'{0x000000074f8c1670}> (0x000000074f8c1670) 
thrown [s\open\src\hotspot\share\prims\jni.cpp, line 520]
Event: 0.397 Thread 0x0000022f48d48e90 Exception <a 'java/io/FileNotFoundException'{0x000000074f8eb798}> (0x000000074f8eb798) 
thrown [s\open\src\hotspot\share\prims\jni.cpp, line 520]
Event: 0.453 Thread 0x0000022f48d48e90 Exception <a 'java/lang/NoSuchMethodError'{0x000000074f96a0e0}: 'void java.lang.invoke.DirectMethodHandle$Holder.invokeSpecial(java.lang.Object, java.lang.Object, java.lang.Object)'> (0x000000074f96a0e0) 
thrown [s\open\src\hotspot\share\interpreter\linkResolver.cpp, line 773]
Event: 0.459 Thread 0x0000022f48d48e90 Exception <a 'java/lang/NoSuchMethodError'{0x000000074f60b870}: 'java.lang.Object java.lang.invoke.DirectMethodHandle$Holder.newInvokeSpecial(java.lang.Object, java.lang.Object, java.lang.Object, java.lang.Object, java.lang.Object)'> (0x000000074f60b870) 
thrown [s\open\src\hotspot\share\interpreter\linkResolver.cpp, line 773]
Event: 0.464 Thread 0x0000022f48d48e90 Exception <a 'java/lang/NoSuchMethodError'{0x000000074f6373f8}: 'java.lang.Object java.lang.invoke.DirectMethodHandle$Holder.invokeStatic(java.lang.Object, int, java.lang.Object)'> (0x000000074f6373f8) 
thrown [s\open\src\hotspot\share\interpreter\linkResolver.cpp, line 773]
Event: 0.486 Thread 0x0000022f48d48e90 Exception <a 'java/lang/ClassNotFoundException'{0x000000074f6d9b68}: com/sun/swing/internal/plaf/metal/resources/spi/metalProvider> (0x000000074f6d9b68) 
thrown [s\open\src\hotspot\share\classfile\systemDictionary.cpp, line 312]
Event: 0.487 Thread 0x0000022f48d48e90 Exception <a 'java/lang/ClassNotFoundException'{0x000000074f6dd878}: com/sun/swing/internal/plaf/basic/resources/spi/basicProvider> (0x000000074f6dd878) 
thrown [s\open\src\hotspot\share\classfile\systemDictionary.cpp, line 312]
Event: 0.501 Thread 0x0000022f04741c30 Exception <a 'java/lang/NoSuchMethodError'{0x000000074f73e550}: 'java.lang.Object java.lang.invoke.DirectMethodHandle$Holder.newInvokeSpecial(java.lang.Object, java.lang.Object, java.lang.Object, int, int, int, int, int)'> (0x000000074f73e550) 
thrown [s\open\src\hotspot\share\interpreter\linkResolver.cpp, line 773]
Event: 0.519 Thread 0x0000022f48d48e90 Exception <a 'java/lang/NoSuchMethodError'{0x000000074f712118}: 'int java.lang.invoke.Invokers$Holder.invokeExact_MT(java.lang.Object, java.lang.Object)'> (0x000000074f712118) 
thrown [s\open\src\hotspot\share\interpreter\linkResolver.cpp, line 773]

ZGC Phase Switch (0 events):
No events

VM Operations (6 events):
Event: 0.313 Executing VM operation: HandshakeAllThreads (Deoptimize)
Event: 0.313 Executing VM operation: HandshakeAllThreads (Deoptimize) done
Event: 0.448 Executing VM operation: HandshakeAllThreads (Deoptimize)
Event: 0.448 Executing VM operation: HandshakeAllThreads (Deoptimize) done
Event: 0.513 Executing VM operation: HandshakeAllThreads (Deoptimize)
Event: 0.513 Executing VM operation: HandshakeAllThreads (Deoptimize) done

Events (15 events):
Event: 0.092 Thread 0x0000022f48d48e90 Thread added: 0x0000022f48d48e90
Event: 0.191 Thread 0x0000022f0418c5b0 Thread added: 0x0000022f0418c5b0
Event: 0.191 Thread 0x0000022f67ecbec0 Thread added: 0x0000022f67ecbec0
Event: 0.193 Thread 0x0000022f04182d90 Thread added: 0x0000022f04182d90
Event: 0.193 Thread 0x0000022f041837f0 Thread added: 0x0000022f041837f0
Event: 0.193 Thread 0x0000022f04176230 Thread added: 0x0000022f04176230
Event: 0.193 Thread 0x0000022f04176c90 Thread added: 0x0000022f04176c90
Event: 0.194 Thread 0x0000022f041c6ed0 Thread added: 0x0000022f041c6ed0
Event: 0.194 Thread 0x0000022f041d3ec0 Thread added: 0x0000022f041d3ec0
Event: 0.276 Thread 0x0000022f04317cb0 Thread added: 0x0000022f04317cb0
Event: 0.327 Thread 0x0000022f044deb30 Thread added: 0x0000022f044deb30
Event: 0.429 Thread 0x0000022f046b5780 Thread added: 0x0000022f046b5780
Event: 0.431 Thread 0x0000022f046b5df0 Thread added: 0x0000022f046b5df0
Event: 0.432 Thread 0x0000022f046b6460 Thread added: 0x0000022f046b6460
Event: 0.496 Thread 0x0000022f04741c30 Thread added: 0x0000022f04741c30


Dynamic libraries:
0x00007ff6ee510000 - 0x00007ff6ee520000 	C:\Program Files\Java\jdk-21\bin\java.exe
0x00007ff951ee0000 - 0x00007ff952148000 	C:\WINDOWS\SYSTEM32\ntdll.dll
0x00007ff951960000 - 0x00007ff951a29000 	C:\WINDOWS\System32\KERNEL32.DLL
0x00007ff94f060000 - 0x00007ff94f458000 	C:\WINDOWS\System32\KERNELBASE.dll
0x00007ff94fa80000 - 0x00007ff94fbcb000 	C:\WINDOWS\System32\ucrtbase.dll
0x00007ff942990000 - 0x00007ff9429ab000 	C:\Program Files\Java\jdk-21\bin\VCRUNTIME140.dll
0x00007ff9429d0000 - 0x00007ff9429e9000 	C:\Program Files\Java\jdk-21\bin\jli.dll
0x00007ff9504a0000 - 0x00007ff950554000 	C:\WINDOWS\System32\ADVAPI32.dll
0x00007ff951ab0000 - 0x00007ff951b59000 	C:\WINDOWS\System32\msvcrt.dll
0x00007ff951df0000 - 0x00007ff951e96000 	C:\WINDOWS\System32\sechost.dll
0x00007ff951840000 - 0x00007ff951958000 	C:\WINDOWS\System32\RPCRT4.dll
0x00007ff94ffd0000 - 0x00007ff950197000 	C:\WINDOWS\System32\USER32.dll
0x00007ff941630000 - 0x00007ff9418c4000 	C:\WINDOWS\WinSxS\amd64_microsoft.windows.common-controls_6595b64144ccf1df_6.0.26100.7019_none_3e06ffa0e335b8a8\COMCTL32.dll
0x00007ff94f030000 - 0x00007ff94f057000 	C:\WINDOWS\System32\win32u.dll
0x00007ff9501a0000 - 0x00007ff9501cb000 	C:\WINDOWS\System32\GDI32.dll
0x00007ff94f460000 - 0x00007ff94f58c000 	C:\WINDOWS\System32\gdi32full.dll
0x00007ff94fbd0000 - 0x00007ff94fc73000 	C:\WINDOWS\System32\msvcp_win.dll
0x00007ff947cd0000 - 0x00007ff947cdb000 	C:\WINDOWS\SYSTEM32\VERSION.dll
0x00007ff951c10000 - 0x00007ff951c41000 	C:\WINDOWS\System32\IMM32.DLL
0x00007ff948ce0000 - 0x00007ff948cec000 	C:\Program Files\Java\jdk-21\bin\vcruntime140_1.dll
0x00007ff9281b0000 - 0x00007ff92823e000 	C:\Program Files\Java\jdk-21\bin\msvcp140.dll
0x00007ff89c230000 - 0x00007ff89cf43000 	C:\Program Files\Java\jdk-21\bin\server\jvm.dll
0x00007ff951a30000 - 0x00007ff951aa4000 	C:\WINDOWS\System32\WS2_32.dll
0x00007ff94ee90000 - 0x00007ff94eeee000 	C:\WINDOWS\SYSTEM32\POWRPROF.dll
0x00007ff941bf0000 - 0x00007ff941c25000 	C:\WINDOWS\SYSTEM32\WINMM.dll
0x00007ff94ee70000 - 0x00007ff94ee84000 	C:\WINDOWS\SYSTEM32\UMPDC.dll
0x00007ff94ddf0000 - 0x00007ff94de0b000 	C:\WINDOWS\SYSTEM32\kernel.appcore.dll
0x00007ff93a2d0000 - 0x00007ff93a2da000 	C:\Program Files\Java\jdk-21\bin\jimage.dll
0x00007ff94c7d0000 - 0x00007ff94ca12000 	C:\WINDOWS\SYSTEM32\DBGHELP.DLL
0x00007ff950bf0000 - 0x00007ff950f7b000 	C:\WINDOWS\System32\combase.dll
0x00007ff9501d0000 - 0x00007ff9502a7000 	C:\WINDOWS\System32\OLEAUT32.dll
0x00007ff9338f0000 - 0x00007ff93392c000 	C:\WINDOWS\SYSTEM32\dbgcore.DLL
0x00007ff94f940000 - 0x00007ff94f9e5000 	C:\WINDOWS\System32\bcryptPrimitives.dll
0x00007ff93a490000 - 0x00007ff93a4af000 	C:\Program Files\Java\jdk-21\bin\java.dll
0x00007ff950f80000 - 0x00007ff9516cf000 	C:\WINDOWS\System32\SHELL32.dll
0x00007ff94f7d0000 - 0x00007ff94f93b000 	C:\WINDOWS\System32\wintypes.dll
0x00007ff94cc90000 - 0x00007ff94d4ed000 	C:\WINDOWS\SYSTEM32\windows.storage.dll
0x00007ff94fed0000 - 0x00007ff94ffc2000 	C:\WINDOWS\System32\SHCORE.dll
0x00007ff94fc80000 - 0x00007ff94fce7000 	C:\WINDOWS\System32\shlwapi.dll
0x00007ff94ef50000 - 0x00007ff94ef79000 	C:\WINDOWS\SYSTEM32\profapi.dll
0x00007ff91bf30000 - 0x00007ff91c007000 	C:\Program Files\Java\jdk-21\bin\jsvml.dll
0x00007ff92a100000 - 0x00007ff92a110000 	C:\Program Files\Java\jdk-21\bin\net.dll
0x00007ff948060000 - 0x00007ff948188000 	C:\WINDOWS\SYSTEM32\WINHTTP.dll
0x00007ff94e360000 - 0x00007ff94e3cb000 	C:\WINDOWS\system32\mswsock.dll
0x00007ff929e50000 - 0x00007ff929e66000 	C:\Program Files\Java\jdk-21\bin\nio.dll
0x00007ff91bda0000 - 0x00007ff91bf2f000 	C:\Program Files\Java\jdk-21\bin\awt.dll
0x00007ff94bdd0000 - 0x00007ff94be6f000 	C:\WINDOWS\SYSTEM32\apphelp.dll
0x00007ff94bf70000 - 0x00007ff94c01a000 	C:\WINDOWS\system32\uxtheme.dll
0x00007ff950a80000 - 0x00007ff950bde000 	C:\WINDOWS\System32\MSCTF.dll
0x00007ff951c50000 - 0x00007ff951de7000 	C:\WINDOWS\System32\ole32.dll
0x00007ff94c3d0000 - 0x00007ff94c400000 	C:\WINDOWS\system32\DWMAPI.DLL
0x00007ff929e30000 - 0x00007ff929e48000 	C:\Program Files\Java\jdk-21\bin\zip.dll
0x00007ff91c520000 - 0x00007ff91c5a7000 	C:\Program Files\Java\jdk-21\bin\freetype.dll
0x00007ff91b980000 - 0x00007ff91ba61000 	C:\Program Files\Java\jdk-21\bin\fontmanager.dll

dbghelp: loaded successfully - version: 4.0.5 - missing functions: none
symbol engine: initialized successfully - sym options: 0x614 - pdb path: .;C:\Program Files\Java\jdk-21\bin;C:\WINDOWS\SYSTEM32;C:\WINDOWS\WinSxS\amd64_microsoft.windows.common-controls_6595b64144ccf1df_6.0.26100.7019_none_3e06ffa0e335b8a8;C:\Program Files\Java\jdk-21\bin\server

VM Arguments:
jvm_args: -Dfile.encoding=UTF-8 --module-path=C:\Users\yedel\Desktop\Practica_Programada_2\build\classes 
java_command: Ejercicio_3.Main
java_class_path (initial): C:\Users\yedel\Desktop\Practica_Programada_2\build\classes
Launcher Type: SUN_STANDARD

[Global flags]
     intx CICompilerCount                          = 3                                         {product} {ergonomic}
     uint ConcGCThreads                            = 1                                         {product} {ergonomic}
     uint G1ConcRefinementThreads                  = 4                                         {product} {ergonomic}
   size_t G1HeapRegionSize                         = 2097152                                   {product} {ergonomic}
    uintx GCDrainStackTargetSize                   = 64                                        {product} {ergonomic}
   size_t InitialHeapSize                          = 197132288                                 {product} {ergonomic}
   size_t MarkStackSize                            = 4194304                                   {product} {ergonomic}
   size_t MaxHeapSize                              = 3154116608                                {product} {ergonomic}
   size_t MaxNewSize                               = 1891631104                                {product} {ergonomic}
   size_t MinHeapDeltaBytes                        = 2097152                                   {product} {ergonomic}
   size_t MinHeapSize                              = 8388608                                   {product} {ergonomic}
    uintx NonNMethodCodeHeapSize                   = 5832780                                {pd product} {ergonomic}
    uintx NonProfiledCodeHeapSize                  = 122912730                              {pd product} {ergonomic}
    uintx ProfiledCodeHeapSize                     = 122912730                              {pd product} {ergonomic}
    uintx ReservedCodeCacheSize                    = 251658240                              {pd product} {ergonomic}
     bool SegmentedCodeCache                       = true                                      {product} {ergonomic}
   size_t SoftMaxHeapSize                          = 3154116608                             {manageable} {ergonomic}
     bool UseCompressedOops                        = true                           {product lp64_product} {ergonomic}
     bool UseG1GC                                  = true                                      {product} {ergonomic}
     bool UseLargePagesIndividualAllocation        = false                                  {pd product} {ergonomic}

Logging:
Log output configuration:
 #0: stdout all=warning uptime,level,tags foldmultilines=false
 #1: stderr all=off uptime,level,tags foldmultilines=false

Environment Variables:
PATH=C:\Program Files\Common Files\Oracle\Java\javapath;C:\WINDOWS\system32;C:\WINDOWS;C:\WINDOWS\System32\Wbem;C:\WINDOWS\System32\WindowsPowerShell\v1.0\;C:\WINDOWS\System32\OpenSSH\;C:\Program Files\Git\cmd;C:\dev\flutter\bin;C:\Users\yedel\AppData\Local\Microsoft\WindowsApps;C:\Users\yedel\AppData\Local\Programs\Microsoft VS Code\bin;C:\dev\flutter\bin;
USERNAME=yedel
OS=Windows_NT
PROCESSOR_IDENTIFIER=Intel64 Family 6 Model 126 Stepping 5, GenuineIntel
TMP=C:\Users\yedel\AppData\Local\Temp
TEMP=C:\Users\yedel\AppData\Local\Temp




Periodic native trim disabled

---------------  S Y S T E M  ---------------

OS:
 Windows 11 , 64 bit Build 26100 (10.0.26100.7019)
OS uptime: 2 days 22:42 hours

CPU: total 4 (initial active 4) (2 cores per cpu, 2 threads per core) family 6 model 126 stepping 5 microcode 0xba, cx8, cmov, fxsr, ht, mmx, 3dnowpref, sse, sse2, sse3, ssse3, sse4.1, sse4.2, popcnt, lzcnt, tsc, tscinvbit, avx, avx2, aes, erms, clmul, bmi1, bmi2, adx, avx512f, avx512dq, avx512cd, avx512bw, avx512vl, sha, fma, vzeroupper, avx512_vpopcntdq, avx512_vpclmulqdq, avx512_vaes, avx512_vnni, clflush, clflushopt, avx512_vbmi2, avx512_vbmi, rdtscp, rdpid, fsrm, gfni, avx512_bitalg, f16c, pku, avx512_ifma
Processor Information for all 4 processors :
  Max Mhz: 1190, Current Mhz: 1190, Mhz Limit: 1190

Memory: 4k page, system-wide physical 12030M (3995M free)
TotalPageFile size 40486M (AvailPageFile size 2M)
current process WorkingSet (physical memory assigned to process): 51M, peak: 51M
current process commit charge ("private bytes"): 267M, peak: 267M

vm_info: Java HotSpot(TM) 64-Bit Server VM (21.0.4+8-LTS-274) for windows-amd64 JRE (21.0.4+8-LTS-274), built on 2024-06-05T05:23:33Z by "mach5one" with MS VC++ 17.6 (VS2022)

END.
